  lab6.cpp
D:\VisualStdudio\calculationMethods\calculation-methods-labs\lab6\lab6\lab6.cpp(104,11): warning C4267: инициализация: преобразование из "size_t" в "int"; возможна потеря данных
D:\VisualStdudio\calculationMethods\calculation-methods-labs\lab6\lab6\lab6.cpp(128,11): warning C4267: инициализация: преобразование из "size_t" в "int"; возможна потеря данных
D:\VisualStdudio\calculationMethods\calculation-methods-labs\lab6\lab6\lab6.cpp(148,11): warning C4267: инициализация: преобразование из "size_t" в "int"; возможна потеря данных
D:\VisualStdudio\calculationMethods\calculation-methods-labs\lab6\lab6\lab6.cpp(156,11): warning C4267: инициализация: преобразование из "size_t" в "int"; возможна потеря данных
D:\VisualStdudio\calculationMethods\calculation-methods-labs\lab6\lab6\lab6.cpp(173,11): warning C4267: инициализация: преобразование из "size_t" в "int"; возможна потеря данных
D:\VisualStdudio\calculationMethods\calculation-methods-labs\lab6\lab6\lab6.cpp(191,26): warning C4267: инициализация: преобразование из "size_t" в "int"; возможна потеря данных
D:\VisualStdudio\calculationMethods\calculation-methods-labs\lab6\lab6\lab6.cpp(219,26): warning C4267: инициализация: преобразование из "size_t" в "int"; возможна потеря данных
D:\VisualStdudio\calculationMethods\calculation-methods-labs\lab6\lab6\lab6.cpp(256,11): warning C4267: инициализация: преобразование из "size_t" в "int"; возможна потеря данных
D:\VisualStdudio\calculationMethods\calculation-methods-labs\lab6\lab6\lab6.cpp(309,11): warning C4267: инициализация: преобразование из "size_t" в "int"; возможна потеря данных
D:\VisualStdudio\calculationMethods\calculation-methods-labs\lab6\lab6\lab6.cpp(368,11): warning C4267: инициализация: преобразование из "size_t" в "int"; возможна потеря данных
D:\VisualStdudio\calculationMethods\calculation-methods-labs\lab6\lab6\lab6.cpp(434,16): warning C4244: инициализация: преобразование "double" в "int", возможна потеря данных
D:\VisualStdudio\calculationMethods\calculation-methods-labs\lab6\lab6\lab6.cpp(435,34): warning C4244: аргумент: преобразование "double" в "const unsigned __int64", возможна потеря данных
D:\VisualStdudio\calculationMethods\calculation-methods-labs\lab6\lab6\lab6.cpp(435,60): warning C4244: аргумент: преобразование "double" в "const unsigned __int64", возможна потеря данных
D:\VisualStdudio\calculationMethods\calculation-methods-labs\lab6\lab6\lab6.cpp(435,83): warning C4244: аргумент: преобразование "double" в "const unsigned __int64", возможна потеря данных
D:\VisualStdudio\calculationMethods\calculation-methods-labs\lab6\lab6\lab6.cpp(463,20): warning C4267: инициализация: преобразование из "size_t" в "int"; возможна потеря данных
D:\VisualStdudio\calculationMethods\calculation-methods-labs\lab6\lab6\lab6.cpp(464,38): warning C4244: аргумент: преобразование "double" в "const unsigned __int64", возможна потеря данных
D:\VisualStdudio\calculationMethods\calculation-methods-labs\lab6\lab6\lab6.cpp(464,66): warning C4244: аргумент: преобразование "double" в "const unsigned __int64", возможна потеря данных
D:\VisualStdudio\calculationMethods\calculation-methods-labs\lab6\lab6\lab6.cpp(464,90): warning C4244: аргумент: преобразование "double" в "const unsigned __int64", возможна потеря данных
D:\VisualStdudio\calculationMethods\calculation-methods-labs\lab6\lab6\lab6.cpp(473,11): warning C4267: инициализация: преобразование из "size_t" в "int"; возможна потеря данных
D:\VisualStdudio\calculationMethods\calculation-methods-labs\lab6\lab6\lab6.cpp(474,18): warning C4267: инициализация: преобразование из "size_t" в "int"; возможна потеря данных
D:\VisualStdudio\calculationMethods\calculation-methods-labs\lab6\lab6\lab6.cpp(496,18): warning C4267: инициализация: преобразование из "size_t" в "int"; возможна потеря данных
D:\VisualStdudio\calculationMethods\calculation-methods-labs\lab6\lab6\lab6.cpp(502,26): warning C4267: =: преобразование из "size_t" в "int"; возможна потеря данных
D:\VisualStdudio\calculationMethods\calculation-methods-labs\lab6\lab6\lab6.cpp(533,11): warning C4267: инициализация: преобразование из "size_t" в "int"; возможна потеря данных
D:\VisualStdudio\calculationMethods\calculation-methods-labs\lab6\lab6\lab6.cpp(534,18): warning C4267: инициализация: преобразование из "size_t" в "int"; возможна потеря данных
D:\VisualStdudio\calculationMethods\calculation-methods-labs\lab6\lab6\lab6.cpp(580,65): warning C4244: аргумент: преобразование "double" в "const unsigned __int64", возможна потеря данных
D:\VisualStdudio\calculationMethods\calculation-methods-labs\lab6\lab6\lab6.cpp(636,11): warning C4267: инициализация: преобразование из "size_t" в "int"; возможна потеря данных
D:\VisualStdudio\calculationMethods\calculation-methods-labs\lab6\lab6\lab6.cpp(637,18): warning C4267: инициализация: преобразование из "size_t" в "int"; возможна потеря данных
D:\VisualStdudio\calculationMethods\calculation-methods-labs\lab6\lab6\lab6.cpp(671,11): warning C4267: инициализация: преобразование из "size_t" в "int"; возможна потеря данных
D:\VisualStdudio\calculationMethods\calculation-methods-labs\lab6\lab6\lab6.cpp(672,18): warning C4267: инициализация: преобразование из "size_t" в "int"; возможна потеря данных
D:\VisualStdudio\calculationMethods\calculation-methods-labs\lab6\lab6\lab6.cpp(757,37): warning C4244: аргумент: преобразование "double" в "const unsigned __int64", возможна потеря данных
D:\VisualStdudio\calculationMethods\calculation-methods-labs\lab6\lab6\lab6.cpp(770,18): warning C4267: инициализация: преобразование из "size_t" в "int"; возможна потеря данных
D:\VisualStdudio\calculationMethods\calculation-methods-labs\lab6\lab6\lab6.cpp(771,11): warning C4267: инициализация: преобразование из "size_t" в "int"; возможна потеря данных
D:\VisualStdudio\calculationMethods\calculation-methods-labs\lab6\lab6\lab6.cpp(791,11): warning C4267: инициализация: преобразование из "size_t" в "int"; возможна потеря данных
D:\VisualStdudio\calculationMethods\calculation-methods-labs\lab6\lab6\lab6.cpp(792,18): warning C4267: инициализация: преобразование из "size_t" в "int"; возможна потеря данных
D:\VisualStdudio\calculationMethods\calculation-methods-labs\lab6\lab6\lab6.cpp(844,11): warning C4267: инициализация: преобразование из "size_t" в "int"; возможна потеря данных
D:\VisualStdudio\calculationMethods\calculation-methods-labs\lab6\lab6\lab6.cpp(845,18): warning C4267: инициализация: преобразование из "size_t" в "int"; возможна потеря данных
D:\VisualStdudio\calculationMethods\calculation-methods-labs\lab6\lab6\lab6.cpp(944,40): warning C4244: аргумент: преобразование "double" в "const unsigned __int64", возможна потеря данных
D:\VisualStdudio\calculationMethods\calculation-methods-labs\lab6\lab6\lab6.cpp(950,40): warning C4244: аргумент: преобразование "double" в "const unsigned __int64", возможна потеря данных
D:\VisualStdudio\calculationMethods\calculation-methods-labs\lab6\lab6\lab6.cpp(956,40): warning C4244: аргумент: преобразование "double" в "const unsigned __int64", возможна потеря данных
D:\VisualStdudio\calculationMethods\calculation-methods-labs\lab6\lab6\lab6.cpp(962,40): warning C4244: аргумент: преобразование "double" в "const unsigned __int64", возможна потеря данных
D:\VisualStdudio\calculationMethods\calculation-methods-labs\lab6\lab6\lab6.cpp(974,18): warning C4267: инициализация: преобразование из "size_t" в "int"; возможна потеря данных
D:\VisualStdudio\calculationMethods\calculation-methods-labs\lab6\lab6\lab6.cpp(975,11): warning C4267: инициализация: преобразование из "size_t" в "int"; возможна потеря данных
D:\VisualStdudio\calculationMethods\calculation-methods-labs\lab6\lab6\lab6.cpp(988,11): warning C4267: инициализация: преобразование из "size_t" в "int"; возможна потеря данных
D:\VisualStdudio\calculationMethods\calculation-methods-labs\lab6\lab6\lab6.cpp(1006,18): warning C4267: инициализация: преобразование из "size_t" в "int"; возможна потеря данных
D:\VisualStdudio\calculationMethods\calculation-methods-labs\lab6\lab6\lab6.cpp(1106,16): warning C4101: cy: неиспользованная локальная переменная
D:\VisualStdudio\calculationMethods\calculation-methods-labs\lab6\lab6\lab6.cpp(1126,16): warning C4101: cy: неиспользованная локальная переменная
D:\VisualStdudio\calculationMethods\calculation-methods-labs\lab6\lab6\lab6.cpp(1149,11): warning C4267: инициализация: преобразование из "size_t" в "int"; возможна потеря данных
D:\VisualStdudio\calculationMethods\calculation-methods-labs\lab6\lab6\lab6.cpp(1152,115): warning C4244: аргумент: преобразование "double" в "int", возможна потеря данных
D:\VisualStdudio\calculationMethods\calculation-methods-labs\lab6\lab6\lab6.cpp(1152,112): warning C4244: аргумент: преобразование "double" в "int", возможна потеря данных
D:\VisualStdudio\calculationMethods\calculation-methods-labs\lab6\lab6\lab6.cpp(1159,11): warning C4267: инициализация: преобразование из "size_t" в "int"; возможна потеря данных
D:\VisualStdudio\calculationMethods\calculation-methods-labs\lab6\lab6\lab6.cpp(1163,52): warning C4244: аргумент: преобразование "double" в "int", возможна потеря данных
D:\VisualStdudio\calculationMethods\calculation-methods-labs\lab6\lab6\lab6.cpp(1163,49): warning C4244: аргумент: преобразование "double" в "int", возможна потеря данных
D:\VisualStdudio\calculationMethods\calculation-methods-labs\lab6\lab6\lab6.cpp(1163,46): warning C4244: аргумент: преобразование "double" в "int", возможна потеря данных
D:\VisualStdudio\calculationMethods\calculation-methods-labs\lab6\lab6\lab6.cpp(1172,11): warning C4267: инициализация: преобразование из "size_t" в "int"; возможна потеря данных
  Создание кода
  2 of 499 functions ( 0.4%) were compiled, the rest were copied from previous compilation.
    0 functions were new in current compilation
    0 functions had inline decision re-evaluated but remain unchanged
  Создание кода завершено
  lab6.vcxproj -> D:\VisualStdudio\calculationMethods\calculation-methods-labs\lab6\x64\Release\lab6.exe
